{"total": {"lines":{"total":4075,"covered":4011,"skipped":0,"pct":98.42},"statements":{"total":4075,"covered":4011,"skipped":0,"pct":98.42},"functions":{"total":214,"covered":170,"skipped":0,"pct":79.43},"branches":{"total":670,"covered":564,"skipped":0,"pct":84.17},"branchesTrue":{"total":0,"covered":0,"skipped":0,"pct":100}}
,"/sessions/amazing-exciting-curie/mnt/MCP-server-for-ISO27001/src/audit/logger.ts": {"lines":{"total":138,"covered":136,"skipped":0,"pct":98.55},"functions":{"total":6,"covered":6,"skipped":0,"pct":100},"statements":{"total":138,"covered":136,"skipped":0,"pct":98.55},"branches":{"total":17,"covered":16,"skipped":0,"pct":94.11}}
,"/sessions/amazing-exciting-curie/mnt/MCP-server-for-ISO27001/src/auth/api-key.ts": {"lines":{"total":281,"covered":280,"skipped":0,"pct":99.64},"functions":{"total":15,"covered":15,"skipped":0,"pct":100},"statements":{"total":281,"covered":280,"skipped":0,"pct":99.64},"branches":{"total":47,"covered":45,"skipped":0,"pct":95.74}}
,"/sessions/amazing-exciting-curie/mnt/MCP-server-for-ISO27001/src/auth/rbac.ts": {"lines":{"total":138,"covered":137,"skipped":0,"pct":99.27},"functions":{"total":9,"covered":8,"skipped":0,"pct":88.88},"statements":{"total":138,"covered":137,"skipped":0,"pct":99.27},"branches":{"total":15,"covered":14,"skipped":0,"pct":93.33}}
,"/sessions/amazing-exciting-curie/mnt/MCP-server-for-ISO27001/src/db/dal.ts": {"lines":{"total":103,"covered":93,"skipped":0,"pct":90.29},"functions":{"total":23,"covered":15,"skipped":0,"pct":65.21},"statements":{"total":103,"covered":93,"skipped":0,"pct":90.29},"branches":{"total":30,"covered":28,"skipped":0,"pct":93.33}}
,"/sessions/amazing-exciting-curie/mnt/MCP-server-for-ISO27001/src/security/rate-limiter.ts": {"lines":{"total":82,"covered":81,"skipped":0,"pct":98.78},"functions":{"total":9,"covered":9,"skipped":0,"pct":100},"statements":{"total":82,"covered":81,"skipped":0,"pct":98.78},"branches":{"total":21,"covered":18,"skipped":0,"pct":85.71}}
,"/sessions/amazing-exciting-curie/mnt/MCP-server-for-ISO27001/src/security/sanitise.ts": {"lines":{"total":129,"covered":127,"skipped":0,"pct":98.44},"functions":{"total":5,"covered":4,"skipped":0,"pct":80},"statements":{"total":129,"covered":127,"skipped":0,"pct":98.44},"branches":{"total":12,"covered":12,"skipped":0,"pct":100}}
,"/sessions/amazing-exciting-curie/mnt/MCP-server-for-ISO27001/src/security/secrets.ts": {"lines":{"total":76,"covered":75,"skipped":0,"pct":98.68},"functions":{"total":7,"covered":6,"skipped":0,"pct":85.71},"statements":{"total":76,"covered":75,"skipped":0,"pct":98.68},"branches":{"total":16,"covered":15,"skipped":0,"pct":93.75}}
,"/sessions/amazing-exciting-curie/mnt/MCP-server-for-ISO27001/src/security/validate.ts": {"lines":{"total":493,"covered":482,"skipped":0,"pct":97.76},"functions":{"total":35,"covered":2,"skipped":0,"pct":5.71},"statements":{"total":493,"covered":482,"skipped":0,"pct":97.76},"branches":{"total":4,"covered":4,"skipped":0,"pct":100}}
,"/sessions/amazing-exciting-curie/mnt/MCP-server-for-ISO27001/src/tools/audit-management.ts": {"lines":{"total":322,"covered":320,"skipped":0,"pct":99.37},"functions":{"total":16,"covered":16,"skipped":0,"pct":100},"statements":{"total":322,"covered":320,"skipped":0,"pct":99.37},"branches":{"total":56,"covered":48,"skipped":0,"pct":85.71}}
,"/sessions/amazing-exciting-curie/mnt/MCP-server-for-ISO27001/src/tools/controls.ts": {"lines":{"total":312,"covered":312,"skipped":0,"pct":100},"functions":{"total":17,"covered":17,"skipped":0,"pct":100},"statements":{"total":312,"covered":312,"skipped":0,"pct":100},"branches":{"total":66,"covered":61,"skipped":0,"pct":92.42}}
,"/sessions/amazing-exciting-curie/mnt/MCP-server-for-ISO27001/src/tools/evidence-tracking.ts": {"lines":{"total":393,"covered":378,"skipped":0,"pct":96.18},"functions":{"total":14,"covered":14,"skipped":0,"pct":100},"statements":{"total":393,"covered":378,"skipped":0,"pct":96.18},"branches":{"total":67,"covered":50,"skipped":0,"pct":74.62}}
,"/sessions/amazing-exciting-curie/mnt/MCP-server-for-ISO27001/src/tools/gap-analysis.ts": {"lines":{"total":543,"covered":532,"skipped":0,"pct":97.97},"functions":{"total":17,"covered":17,"skipped":0,"pct":100},"statements":{"total":543,"covered":532,"skipped":0,"pct":97.97},"branches":{"total":141,"covered":103,"skipped":0,"pct":73.04}}
,"/sessions/amazing-exciting-curie/mnt/MCP-server-for-ISO27001/src/tools/policies.ts": {"lines":{"total":313,"covered":309,"skipped":0,"pct":98.72},"functions":{"total":11,"covered":11,"skipped":0,"pct":100},"statements":{"total":313,"covered":309,"skipped":0,"pct":98.72},"branches":{"total":44,"covered":35,"skipped":0,"pct":79.54}}
,"/sessions/amazing-exciting-curie/mnt/MCP-server-for-ISO27001/src/tools/risks.ts": {"lines":{"total":376,"covered":375,"skipped":0,"pct":99.73},"functions":{"total":20,"covered":20,"skipped":0,"pct":100},"statements":{"total":376,"covered":375,"skipped":0,"pct":99.73},"branches":{"total":70,"covered":66,"skipped":0,"pct":94.28}}
,"/sessions/amazing-exciting-curie/mnt/MCP-server-for-ISO27001/src/tools/server-info.ts": {"lines":{"total":118,"covered":116,"skipped":0,"pct":98.3},"functions":{"total":3,"covered":3,"skipped":0,"pct":100},"statements":{"total":118,"covered":116,"skipped":0,"pct":98.3},"branches":{"total":9,"covered":6,"skipped":0,"pct":66.66}}
,"/sessions/amazing-exciting-curie/mnt/MCP-server-for-ISO27001/src/tools/soa.ts": {"lines":{"total":258,"covered":258,"skipped":0,"pct":100},"functions":{"total":7,"covered":7,"skipped":0,"pct":100},"statements":{"total":258,"covered":258,"skipped":0,"pct":100},"branches":{"total":55,"covered":43,"skipped":0,"pct":78.18}}
}
