{"/sessions/amazing-exciting-curie/mnt/MCP-server-for-ISO27001/src/auth/rbac.ts": {"path":"/sessions/amazing-exciting-curie/mnt/MCP-server-for-ISO27001/src/auth/rbac.ts","all":false,"statementMap":{"0":{"start":{"line":1,"column":0},"end":{"line":1,"column":3}},"1":{"start":{"line":2,"column":0},"end":{"line":2,"column":43}},"2":{"start":{"line":3,"column":0},"end":{"line":3,"column":2}},"3":{"start":{"line":4,"column":0},"end":{"line":4,"column":53}},"4":{"start":{"line":5,"column":0},"end":{"line":5,"column":52}},"5":{"start":{"line":6,"column":0},"end":{"line":6,"column":2}},"6":{"start":{"line":7,"column":0},"end":{"line":7,"column":60}},"7":{"start":{"line":8,"column":0},"end":{"line":8,"column":68}},"8":{"start":{"line":9,"column":0},"end":{"line":9,"column":71}},"9":{"start":{"line":10,"column":0},"end":{"line":10,"column":3}},"10":{"start":{"line":11,"column":0},"end":{"line":11,"column":0}},"11":{"start":{"line":12,"column":0},"end":{"line":12,"column":41}},"12":{"start":{"line":13,"column":0},"end":{"line":13,"column":48}},"13":{"start":{"line":14,"column":0},"end":{"line":14,"column":0}},"14":{"start":{"line":15,"column":0},"end":{"line":15,"column":65}},"15":{"start":{"line":16,"column":0},"end":{"line":16,"column":0}},"16":{"start":{"line":17,"column":0},"end":{"line":17,"column":42}},"17":{"start":{"line":18,"column":0},"end":{"line":18,"column":13}},"18":{"start":{"line":19,"column":0},"end":{"line":19,"column":13}},"19":{"start":{"line":20,"column":0},"end":{"line":20,"column":13}},"20":{"start":{"line":21,"column":0},"end":{"line":21,"column":2}},"21":{"start":{"line":22,"column":0},"end":{"line":22,"column":0}},"22":{"start":{"line":23,"column":0},"end":{"line":23,"column":64}},"23":{"start":{"line":24,"column":0},"end":{"line":24,"column":71}},"24":{"start":{"line":25,"column":0},"end":{"line":25,"column":0}},"25":{"start":{"line":26,"column":0},"end":{"line":26,"column":45}},"26":{"start":{"line":27,"column":0},"end":{"line":27,"column":0}},"27":{"start":{"line":28,"column":0},"end":{"line":28,"column":62}},"28":{"start":{"line":29,"column":0},"end":{"line":29,"column":41}},"29":{"start":{"line":30,"column":0},"end":{"line":30,"column":38}},"30":{"start":{"line":31,"column":0},"end":{"line":31,"column":38}},"31":{"start":{"line":32,"column":0},"end":{"line":32,"column":38}},"32":{"start":{"line":33,"column":0},"end":{"line":33,"column":38}},"33":{"start":{"line":34,"column":0},"end":{"line":34,"column":38}},"34":{"start":{"line":35,"column":0},"end":{"line":35,"column":38}},"35":{"start":{"line":36,"column":0},"end":{"line":36,"column":38}},"36":{"start":{"line":37,"column":0},"end":{"line":37,"column":0}},"37":{"start":{"line":38,"column":0},"end":{"line":38,"column":62}},"38":{"start":{"line":39,"column":0},"end":{"line":39,"column":53}},"39":{"start":{"line":40,"column":0},"end":{"line":40,"column":41}},"40":{"start":{"line":41,"column":0},"end":{"line":41,"column":41}},"41":{"start":{"line":42,"column":0},"end":{"line":42,"column":40}},"42":{"start":{"line":43,"column":0},"end":{"line":43,"column":40}},"43":{"start":{"line":44,"column":0},"end":{"line":44,"column":40}},"44":{"start":{"line":45,"column":0},"end":{"line":45,"column":40}},"45":{"start":{"line":46,"column":0},"end":{"line":46,"column":41}},"46":{"start":{"line":47,"column":0},"end":{"line":47,"column":0}},"47":{"start":{"line":48,"column":0},"end":{"line":48,"column":62}},"48":{"start":{"line":49,"column":0},"end":{"line":49,"column":35}},"49":{"start":{"line":50,"column":0},"end":{"line":50,"column":36}},"50":{"start":{"line":51,"column":0},"end":{"line":51,"column":35}},"51":{"start":{"line":52,"column":0},"end":{"line":52,"column":36}},"52":{"start":{"line":53,"column":0},"end":{"line":53,"column":35}},"53":{"start":{"line":54,"column":0},"end":{"line":54,"column":35}},"54":{"start":{"line":55,"column":0},"end":{"line":55,"column":36}},"55":{"start":{"line":56,"column":0},"end":{"line":56,"column":36}},"56":{"start":{"line":57,"column":0},"end":{"line":57,"column":35}},"57":{"start":{"line":58,"column":0},"end":{"line":58,"column":0}},"58":{"start":{"line":59,"column":0},"end":{"line":59,"column":62}},"59":{"start":{"line":60,"column":0},"end":{"line":60,"column":61}},"60":{"start":{"line":61,"column":0},"end":{"line":61,"column":27}},"61":{"start":{"line":62,"column":0},"end":{"line":62,"column":26}},"62":{"start":{"line":63,"column":0},"end":{"line":63,"column":25}},"63":{"start":{"line":64,"column":0},"end":{"line":64,"column":26}},"64":{"start":{"line":65,"column":0},"end":{"line":65,"column":0}},"65":{"start":{"line":66,"column":0},"end":{"line":66,"column":61}},"66":{"start":{"line":67,"column":0},"end":{"line":67,"column":74}},"67":{"start":{"line":68,"column":0},"end":{"line":68,"column":29}},"68":{"start":{"line":69,"column":0},"end":{"line":69,"column":29}},"69":{"start":{"line":70,"column":0},"end":{"line":70,"column":28}},"70":{"start":{"line":71,"column":0},"end":{"line":71,"column":0}},"71":{"start":{"line":72,"column":0},"end":{"line":72,"column":62}},"72":{"start":{"line":73,"column":0},"end":{"line":73,"column":45}},"73":{"start":{"line":74,"column":0},"end":{"line":74,"column":37}},"74":{"start":{"line":75,"column":0},"end":{"line":75,"column":37}},"75":{"start":{"line":76,"column":0},"end":{"line":76,"column":37}},"76":{"start":{"line":77,"column":0},"end":{"line":77,"column":37}},"77":{"start":{"line":78,"column":0},"end":{"line":78,"column":38}},"78":{"start":{"line":79,"column":0},"end":{"line":79,"column":0}},"79":{"start":{"line":80,"column":0},"end":{"line":80,"column":62}},"80":{"start":{"line":81,"column":0},"end":{"line":81,"column":43}},"81":{"start":{"line":82,"column":0},"end":{"line":82,"column":32}},"82":{"start":{"line":83,"column":0},"end":{"line":83,"column":31}},"83":{"start":{"line":84,"column":0},"end":{"line":84,"column":31}},"84":{"start":{"line":85,"column":0},"end":{"line":85,"column":32}},"85":{"start":{"line":86,"column":0},"end":{"line":86,"column":32}},"86":{"start":{"line":87,"column":0},"end":{"line":87,"column":0}},"87":{"start":{"line":88,"column":0},"end":{"line":88,"column":62}},"88":{"start":{"line":89,"column":0},"end":{"line":89,"column":28}},"89":{"start":{"line":90,"column":0},"end":{"line":90,"column":0}},"90":{"start":{"line":91,"column":0},"end":{"line":91,"column":61}},"91":{"start":{"line":92,"column":0},"end":{"line":92,"column":27}},"92":{"start":{"line":93,"column":0},"end":{"line":93,"column":27}},"93":{"start":{"line":94,"column":0},"end":{"line":94,"column":27}},"94":{"start":{"line":95,"column":0},"end":{"line":95,"column":2}},"95":{"start":{"line":96,"column":0},"end":{"line":96,"column":0}},"96":{"start":{"line":97,"column":0},"end":{"line":97,"column":65}},"97":{"start":{"line":98,"column":0},"end":{"line":98,"column":0}},"98":{"start":{"line":99,"column":0},"end":{"line":99,"column":3}},"99":{"start":{"line":100,"column":0},"end":{"line":100,"column":63}},"100":{"start":{"line":101,"column":0},"end":{"line":101,"column":61}},"101":{"start":{"line":102,"column":0},"end":{"line":102,"column":3}},"102":{"start":{"line":103,"column":0},"end":{"line":103,"column":72}},"103":{"start":{"line":104,"column":0},"end":{"line":104,"column":53}},"104":{"start":{"line":105,"column":0},"end":{"line":105,"column":49}},"105":{"start":{"line":106,"column":0},"end":{"line":106,"column":1}},"106":{"start":{"line":107,"column":0},"end":{"line":107,"column":0}},"107":{"start":{"line":108,"column":0},"end":{"line":108,"column":3}},"108":{"start":{"line":109,"column":0},"end":{"line":109,"column":47}},"109":{"start":{"line":110,"column":0},"end":{"line":110,"column":42}},"110":{"start":{"line":111,"column":0},"end":{"line":111,"column":3}},"111":{"start":{"line":112,"column":0},"end":{"line":112,"column":53}},"112":{"start":{"line":113,"column":0},"end":{"line":113,"column":44}},"113":{"start":{"line":114,"column":0},"end":{"line":114,"column":1}},"114":{"start":{"line":115,"column":0},"end":{"line":115,"column":0}},"115":{"start":{"line":116,"column":0},"end":{"line":116,"column":3}},"116":{"start":{"line":117,"column":0},"end":{"line":117,"column":54}},"117":{"start":{"line":118,"column":0},"end":{"line":118,"column":51}},"118":{"start":{"line":119,"column":0},"end":{"line":119,"column":3}},"119":{"start":{"line":120,"column":0},"end":{"line":120,"column":70}},"120":{"start":{"line":121,"column":0},"end":{"line":121,"column":41}},"121":{"start":{"line":122,"column":0},"end":{"line":122,"column":54}},"122":{"start":{"line":123,"column":0},"end":{"line":123,"column":3}},"123":{"start":{"line":124,"column":0},"end":{"line":124,"column":1}},"124":{"start":{"line":125,"column":0},"end":{"line":125,"column":0}},"125":{"start":{"line":126,"column":0},"end":{"line":126,"column":3}},"126":{"start":{"line":127,"column":0},"end":{"line":127,"column":59}},"127":{"start":{"line":128,"column":0},"end":{"line":128,"column":53}},"128":{"start":{"line":129,"column":0},"end":{"line":129,"column":3}},"129":{"start":{"line":130,"column":0},"end":{"line":130,"column":52}},"130":{"start":{"line":131,"column":0},"end":{"line":131,"column":38}},"131":{"start":{"line":132,"column":0},"end":{"line":132,"column":69}},"132":{"start":{"line":133,"column":0},"end":{"line":133,"column":34}},"133":{"start":{"line":134,"column":0},"end":{"line":134,"column":12}},"134":{"start":{"line":135,"column":0},"end":{"line":135,"column":1}},"135":{"start":{"line":136,"column":0},"end":{"line":136,"column":0}},"136":{"start":{"line":137,"column":0},"end":{"line":137,"column":51}},"137":{"start":{"line":138,"column":0},"end":{"line":138,"column":61}}},"s":{"0":2,"1":2,"2":2,"3":2,"4":2,"5":2,"6":2,"7":2,"8":2,"9":2,"10":2,"11":2,"12":2,"13":2,"14":2,"15":2,"16":2,"17":2,"18":2,"19":2,"20":2,"21":2,"22":2,"23":2,"24":2,"25":2,"26":2,"27":2,"28":2,"29":2,"30":2,"31":2,"32":2,"33":2,"34":2,"35":2,"36":2,"37":2,"38":2,"39":2,"40":2,"41":2,"42":2,"43":2,"44":2,"45":2,"46":2,"47":2,"48":2,"49":2,"50":2,"51":2,"52":2,"53":2,"54":2,"55":2,"56":2,"57":2,"58":2,"59":2,"60":2,"61":2,"62":2,"63":2,"64":2,"65":2,"66":2,"67":2,"68":2,"69":2,"70":2,"71":2,"72":2,"73":2,"74":2,"75":2,"76":11,"77":11,"78":11,"79":2,"80":2,"81":2,"82":2,"83":2,"84":2,"85":2,"86":2,"87":2,"88":2,"89":0,"90":2,"91":3,"92":3,"93":2,"94":2,"95":2,"96":2,"97":2,"98":2,"99":2,"100":2,"101":12,"102":12,"103":12,"104":2,"105":2,"106":2,"107":2,"108":2,"109":2,"110":12,"111":2,"112":2,"113":2,"114":2,"115":2,"116":2,"117":2,"118":2,"119":2,"120":2,"121":2,"122":2,"123":2,"124":2,"125":2,"126":2,"127":2,"128":2,"129":2,"130":2,"131":2,"132":2,"133":2,"134":2,"135":2,"136":2,"137":2},"branchMap":{"0":{"type":"branch","line":1,"loc":{"start":{"line":1,"column":0},"end":{"line":138,"column":61}},"locations":[{"start":{"line":1,"column":0},"end":{"line":138,"column":61}}]},"1":{"type":"branch","line":2,"loc":{"start":{"line":2,"column":9},"end":{"line":138,"column":61}},"locations":[{"start":{"line":2,"column":9},"end":{"line":138,"column":61}}]},"2":{"type":"branch","line":76,"loc":{"start":{"line":76,"column":2},"end":{"line":80,"column":34}},"locations":[{"start":{"line":76,"column":2},"end":{"line":80,"column":34}}]},"3":{"type":"branch","line":78,"loc":{"start":{"line":78,"column":11},"end":{"line":78,"column":21}},"locations":[{"start":{"line":78,"column":11},"end":{"line":78,"column":21}}]},"4":{"type":"branch","line":82,"loc":{"start":{"line":82,"column":31},"end":{"line":83,"column":29}},"locations":[{"start":{"line":82,"column":31},"end":{"line":83,"column":29}}]},"5":{"type":"branch","line":84,"loc":{"start":{"line":84,"column":1},"end":{"line":86,"column":15}},"locations":[{"start":{"line":84,"column":1},"end":{"line":86,"column":15}}]},"6":{"type":"branch","line":86,"loc":{"start":{"line":86,"column":2},"end":{"line":86,"column":12}},"locations":[{"start":{"line":86,"column":2},"end":{"line":86,"column":12}}]},"7":{"type":"branch","line":91,"loc":{"start":{"line":91,"column":19},"end":{"line":97,"column":37}},"locations":[{"start":{"line":91,"column":19},"end":{"line":97,"column":37}}]},"8":{"type":"branch","line":93,"loc":{"start":{"line":93,"column":13},"end":{"line":97,"column":35}},"locations":[{"start":{"line":93,"column":13},"end":{"line":97,"column":35}}]},"9":{"type":"branch","line":101,"loc":{"start":{"line":101,"column":7},"end":{"line":101,"column":39}},"locations":[{"start":{"line":101,"column":7},"end":{"line":101,"column":39}}]},"10":{"type":"branch","line":101,"loc":{"start":{"line":101,"column":43},"end":{"line":105,"column":23}},"locations":[{"start":{"line":101,"column":43},"end":{"line":105,"column":23}}]},"11":{"type":"branch","line":103,"loc":{"start":{"line":103,"column":53},"end":{"line":104,"column":36}},"locations":[{"start":{"line":103,"column":53},"end":{"line":104,"column":36}}]},"12":{"type":"branch","line":104,"loc":{"start":{"line":104,"column":42},"end":{"line":105,"column":12}},"locations":[{"start":{"line":104,"column":42},"end":{"line":105,"column":12}}]},"13":{"type":"branch","line":110,"loc":{"start":{"line":110,"column":19},"end":{"line":112,"column":0}},"locations":[{"start":{"line":110,"column":19},"end":{"line":112,"column":0}}]},"14":{"type":"branch","line":117,"loc":{"start":{"line":117,"column":52},"end":{"line":118,"column":24}},"locations":[{"start":{"line":117,"column":52},"end":{"line":118,"column":24}}]}},"b":{"0":[2],"1":[2],"2":[11],"3":[1],"4":[8],"5":[2],"6":[0],"7":[3],"8":[2],"9":[3],"10":[12],"11":[516],"12":[421],"13":[12],"14":[2]},"fnMap":{"0":{"name":"checkPermission","decl":{"start":{"line":76,"column":2},"end":{"line":80,"column":34}},"loc":{"start":{"line":76,"column":2},"end":{"line":80,"column":34}},"line":76},"1":{"name":"get","decl":{"start":{"line":82,"column":31},"end":{"line":83,"column":29}},"loc":{"start":{"line":82,"column":31},"end":{"line":83,"column":29}},"line":82},"2":{"name":"minimumRole","decl":{"start":{"line":84,"column":1},"end":{"line":86,"column":15}},"loc":{"start":{"line":84,"column":1},"end":{"line":86,"column":15}},"line":84},"3":{"name":"get","decl":{"start":{"line":89,"column":18},"end":{"line":91,"column":15}},"loc":{"start":{"line":89,"column":18},"end":{"line":91,"column":15}},"line":89},"4":{"name":"assertPermission","decl":{"start":{"line":91,"column":19},"end":{"line":97,"column":37}},"loc":{"start":{"line":91,"column":19},"end":{"line":97,"column":37}},"line":91},"5":{"name":"get","decl":{"start":{"line":101,"column":7},"end":{"line":101,"column":39}},"loc":{"start":{"line":101,"column":7},"end":{"line":101,"column":39}},"line":101},"6":{"name":"toolsForRole","decl":{"start":{"line":101,"column":43},"end":{"line":105,"column":23}},"loc":{"start":{"line":101,"column":43},"end":{"line":105,"column":23}},"line":101},"7":{"name":"get","decl":{"start":{"line":110,"column":19},"end":{"line":112,"column":0}},"loc":{"start":{"line":110,"column":19},"end":{"line":112,"column":0}},"line":110},"8":{"name":"get","decl":{"start":{"line":117,"column":52},"end":{"line":118,"column":24}},"loc":{"start":{"line":117,"column":52},"end":{"line":118,"column":24}},"line":117}},"f":{"0":11,"1":8,"2":2,"3":0,"4":3,"5":3,"6":12,"7":12,"8":2}}
}
